
Change-log for WindowManager.dll

------------------------------------------------------------------------------------
08/07/03  v1.1.2 :
------------------------------------------------------------------------------------
    Fix: Breaks Unicode "Cyrillic" input to the main window [NPP-P-B-1977701]
    
------------------------------------------------------------------------------------
08/02/04  v1.1.1 :
------------------------------------------------------------------------------------
    Fix: After canceling ContextMenu updating of document list works incorrect
    Fix: After 'Save all' icon states were incorrect
    Fix: Position fix for second list when WM is docked on top/bottom
    Fix: If config folder of Notepad++ doesn't exists it will be created now by WM

------------------------------------------------------------------------------------
08/01/29  v1.1 :
------------------------------------------------------------------------------------
    New: Three state column sorting implemented
    New: Multiline tool tip with file name and location implemented
    New: Drag'n'Drop of files from/into/between lists possible (move CTRL)
    New: Multiselection of items possible with fully DnD and ContextMenu support
    New: Middle mouse click closes a file
    New: Hide tabbar feature of upcomming Notepad++ 4.8.0 supported

------------------------------------------------------------------------------------
07/12/02  v1.0.1 :
------------------------------------------------------------------------------------
    Fix: Update of file state. Now icons show the correct one
    Fix: Now a timer notification updates the list to show correct info anytime

------------------------------------------------------------------------------------
07/11/30  v1.0 :
------------------------------------------------------------------------------------
    Initial version
