
Change-log for SpellChecker.dll

------------------------------------------------------------------------------------
08/11/15  v1.3.2 :
------------------------------------------------------------------------------------
    Fix: UNICODE support for Notepad++ 5.1

------------------------------------------------------------------------------------
07/12/20  v1.3.1 :
------------------------------------------------------------------------------------
    Fix: On serious conditions SpellChecker crashes Npp on end of checking text
    New: At the end of checking plugin restores the cursor positions
    New: Field 'Replace with' is marked on suggestion for faster access

------------------------------------------------------------------------------------
07/11/22  v1.3 :
------------------------------------------------------------------------------------
    New: Multi-language support implemented. NativeLang plugin needed.
    Fix: Relative path to Aspell is now loaded with correct buffer size MAX_PATH.
    Fix: WideChar to UTF8 conversion on selecting word in suggestion list corrected.

------------------------------------------------------------------------------------
07/09/09  v1.2 :
------------------------------------------------------------------------------------
    Fix: Supports now UNICODE correctly
    New: Add button "Ignore All" to skip specific words within a session
    New: Aspell could also be used on mass storages
    New: Now filter implemented for HTML and TeX
    Change: Now using NPPM_GETPLUGINSCONFIGDIR to get ini file location

------------------------------------------------------------------------------------
07/03/31  v1.1 :
------------------------------------------------------------------------------------
    Fix: Now on W9x platforms the combo box enlarged correctly
    Fix: Dialog boxes are not system modal
    Fix: The configuration is stored in "Spellchecker.ini"
    Fix: Changed typo "Lern" to "Learn"

------------------------------------------------------------------------------------
07/03/13  v1.0 :
------------------------------------------------------------------------------------
    First official release.
